


ARM Macro Assembler    Page 1 


    1 00000000         ;/******************************************************
                       ***********************/ 
    2 00000000         ;/* Carlos Jose Perez Jimenez 
    3 00000000         ;/* Mayo 2014 
    4 00000000         ;/* 
    5 00000000         ;/* Implementacion de un generador de numeros pseudo-ale
                       atorios de 31 bits
    6 00000000         ;/* Es el generador en congruencias lineales 
    7 00000000         ;/* x_n = 1103515245 * x_{n-1} + 12345 mod 2^31
    8 00000000         ;/* 
    9 00000000         ;/* Se compone de dos SBR
   10 00000000         ;/* srand -> inicializa la semilla (rand_x) del generado
                       r
   11 00000000         ;/*  Sin resultados
   12 00000000         ;/*  Un parametro por valor (semilla) en la pila
   13 00000000         ;/*
   14 00000000         ;/* rand  -> genera a partir de un numero aleatorio (ran
                       d_x) otro en la misma variable (rand_x) 
   15 00000000         ;/*  Resultado rand_x en la  pila
   16 00000000         ;/*  Sin parametros
   17 00000000         
   18 00000000                 AREA             datos,DATA
   19 00000000 00000000 
                       rand_x  DCD              0
   20 00000004 41C64E6D 
                       rand_a  DCD              1103515245
   21 00000008 00003039 
                       rand_c  DCD              12345
   22 0000000C         
   23 0000000C                 AREA             codigo,CODE
   24 00000000                 EXPORT           srand
   25 00000000                 EXPORT           rand
   26 00000000         
   27 00000000 E92D4800 
                       srand   PUSH             {r11,lr}
   28 00000004 E1A0B00D        mov              fp,sp
   29 00000008 E92D0003        PUSH             {r0,r1}
   30 0000000C E59B0008        ldr              r0,[fp,#8]
   31 00000010 E59F1040        LDR              r1,=rand_x
   32 00000014 E5810000        str              r0,[r1]
   33 00000018 E8BD8803        POP              {r0,r1,r11,pc}
   34 0000001C         
   35 0000001C E92D4800 
                       rand    PUSH             {r11,lr}
   36 00000020 E1A0B00D        mov              fp,sp
   37 00000024 E92D000F        PUSH             {r0-r3}
   38 00000028 E59F1028        LDR              r1,=rand_x
   39 0000002C E59F2028        LDR              r2,=rand_a
   40 00000030 E5910000        ldr              r0,[r1]
   41 00000034 E5923000        ldr              r3,[r2]
   42 00000038 E0000093        mul              r0,r3,r0
   43 0000003C E59F201C        LDR              r2,=rand_c
   44 00000040 E5923000        ldr              r3,[r2]
   45 00000044 E0800003        add              r0,r0,r3
   46 00000048 E3C00102        bic              r0,r0,#0x80000000
   47 0000004C E5810000        str              r0,[r1]
   48 00000050 E58B0008        str              r0,[fp,#8]
   49 00000054 E8BD880F        POP              {r0-r3,r11,pc}
   50 00000058                 END



ARM Macro Assembler    Page 2 


              00000000 
              00000000 
              00000000 
Command Line: --debug --xref --apcs=interwork --depend=rand.d -orand.o -IC:\Kei
l\ARM\INC -IC:\Keil\ARM\INC\Philips --predefine="__EVAL SETA 1" --list=rand.lst
 rand.s



ARM Macro Assembler    Page 1 Alphabetic symbol ordering
Relocatable symbols

datos 00000000

Symbol: datos
   Definitions
      At line 18 in file rand.s
   Uses
      None
Comment: datos unused
rand_a 00000004

Symbol: rand_a
   Definitions
      At line 20 in file rand.s
   Uses
      At line 39 in file rand.s
Comment: rand_a used once
rand_c 00000008

Symbol: rand_c
   Definitions
      At line 21 in file rand.s
   Uses
      At line 43 in file rand.s
Comment: rand_c used once
rand_x 00000000

Symbol: rand_x
   Definitions
      At line 19 in file rand.s
   Uses
      At line 31 in file rand.s
      At line 38 in file rand.s

4 symbols



ARM Macro Assembler    Page 1 Alphabetic symbol ordering
Relocatable symbols

codigo 00000000

Symbol: codigo
   Definitions
      At line 23 in file rand.s
   Uses
      None
Comment: codigo unused
rand 0000001C

Symbol: rand
   Definitions
      At line 35 in file rand.s
   Uses
      At line 25 in file rand.s
Comment: rand used once
srand 00000000

Symbol: srand
   Definitions
      At line 27 in file rand.s
   Uses
      At line 24 in file rand.s
Comment: srand used once
3 symbols
333 symbols in table
